-------------------------------------------------------------------------------
Test set: todolist.controller.RegisteredPageTest
-------------------------------------------------------------------------------
Tests run: 2, Failures: 1, Errors: 0, Skipped: 0, Time elapsed: 0.198 s <<< FAILURE! - in todolist.controller.RegisteredPageTest
getFirstUser  Time elapsed: 0.018 s  <<< FAILURE!
java.lang.AssertionError: 
Response content
Expected: a string containing "ana.garcia@gmail.com"
     but: was "<!DOCTYPE html>
<html lang="es">

<head>
    <meta charset="UTF-8"/>
    <title>Users</title>
    <link rel="stylesheet" href="/css/bootstrap.min.css">
</head>

<body>
<div class="container-fluid">
    <h1>Usuarios</h1>
    <div class="row mt-3">
        <div class="col">
            <h2>Usuarios registrados</h2>
        </div>
    </div>

    <div class="row mt-3">
        <div class="col">
            <table class="table table-striped">
                <thead>
                <tr>
                    <th>Id</th>
                    <th>Email</th>
                </tr>
                </thead>
                <tbody>
                
                </tbody>
            </table>
            <a class="btn btn-link" href="/about">Volver</a></p>
        </div>
    </div>
    <div class="row mt-2">
        <div class="col">
            
        </div>
    </div>
</div>


</div>

<div>
    <script src="/js/jquery.min.js"></script>
    <script src="/js/popper.min.js"></script>
    <script src="/js/bootstrap.min.js"></script>
</div>

</body>
</html>"
	at todolist.controller.RegisteredPageTest.getFirstUser(RegisteredPageTest.java:29)

