-------------------------------------------------------------------------------
Test set: todolist.controller.RegisteredPageTest
-------------------------------------------------------------------------------
Tests run: 2, Failures: 0, Errors: 1, Skipped: 0, Time elapsed: 1.162 s <<< FAILURE! - in todolist.controller.RegisteredPageTest
getRegisteredUserPage  Time elapsed: 0.861 s  <<< ERROR!
org.springframework.web.util.NestedServletException: Request processing failed; nested exception is org.thymeleaf.exceptions.TemplateProcessingException: Exception evaluating SpringEL expression: "usuario.getNombre()" (template: "userPage" - line 14, col 25)
	at todolist.controller.RegisteredPageTest.getRegisteredUserPage(RegisteredPageTest.java:29)
Caused by: org.thymeleaf.exceptions.TemplateProcessingException: Exception evaluating SpringEL expression: "usuario.getNombre()" (template: "userPage" - line 14, col 25)
	at todolist.controller.RegisteredPageTest.getRegisteredUserPage(RegisteredPageTest.java:29)
Caused by: org.springframework.expression.spel.SpelEvaluationException: EL1011E: Method call: Attempted to call method getNombre() on null context object
	at todolist.controller.RegisteredPageTest.getRegisteredUserPage(RegisteredPageTest.java:29)

