-------------------------------------------------------------------------------
Test set: todolist.service.UsuarioServiceTest
-------------------------------------------------------------------------------
Tests run: 6, Failures: 0, Errors: 6, Skipped: 0, Time elapsed: 4.238 s <<< FAILURE! - in todolist.service.UsuarioServiceTest
servicioRegistroUsuarioExcepcionConNullPassword  Time elapsed: 0 s  <<< ERROR!
java.lang.IllegalStateException: Failed to load ApplicationContext
Caused by: org.springframework.beans.factory.UnsatisfiedDependencyException: Error creating bean with name 'equipoController': Unsatisfied dependency expressed through field 'equipoService'; nested exception is org.springframework.beans.factory.UnsatisfiedDependencyException: Error creating bean with name 'equipoService': Unsatisfied dependency expressed through field 'equipoRepository'; nested exception is org.springframework.beans.factory.BeanCreationException: Error creating bean with name 'equipoRepository' defined in todolist.repository.EquipoRepository defined in @EnableJpaRepositories declared on JpaRepositoriesRegistrar.EnableJpaRepositoriesConfiguration: Invocation of init method failed; nested exception is org.springframework.data.repository.query.QueryCreationException: Could not create query for public abstract boolean todolist.repository.EquipoRepository.existsByIdFalse(java.lang.Long); Reason: Failed to create query for method public abstract boolean todolist.repository.EquipoRepository.existsByIdFalse(java.lang.Long)! At least 1 parameter(s) provided but only 0 parameter(s) present in query.; nested exception is java.lang.IllegalArgumentException: Failed to create query for method public abstract boolean todolist.repository.EquipoRepository.existsByIdFalse(java.lang.Long)! At least 1 parameter(s) provided but only 0 parameter(s) present in query.
Caused by: org.springframework.beans.factory.UnsatisfiedDependencyException: Error creating bean with name 'equipoService': Unsatisfied dependency expressed through field 'equipoRepository'; nested exception is org.springframework.beans.factory.BeanCreationException: Error creating bean with name 'equipoRepository' defined in todolist.repository.EquipoRepository defined in @EnableJpaRepositories declared on JpaRepositoriesRegistrar.EnableJpaRepositoriesConfiguration: Invocation of init method failed; nested exception is org.springframework.data.repository.query.QueryCreationException: Could not create query for public abstract boolean todolist.repository.EquipoRepository.existsByIdFalse(java.lang.Long); Reason: Failed to create query for method public abstract boolean todolist.repository.EquipoRepository.existsByIdFalse(java.lang.Long)! At least 1 parameter(s) provided but only 0 parameter(s) present in query.; nested exception is java.lang.IllegalArgumentException: Failed to create query for method public abstract boolean todolist.repository.EquipoRepository.existsByIdFalse(java.lang.Long)! At least 1 parameter(s) provided but only 0 parameter(s) present in query.
Caused by: org.springframework.beans.factory.BeanCreationException: Error creating bean with name 'equipoRepository' defined in todolist.repository.EquipoRepository defined in @EnableJpaRepositories declared on JpaRepositoriesRegistrar.EnableJpaRepositoriesConfiguration: Invocation of init method failed; nested exception is org.springframework.data.repository.query.QueryCreationException: Could not create query for public abstract boolean todolist.repository.EquipoRepository.existsByIdFalse(java.lang.Long); Reason: Failed to create query for method public abstract boolean todolist.repository.EquipoRepository.existsByIdFalse(java.lang.Long)! At least 1 parameter(s) provided but only 0 parameter(s) present in query.; nested exception is java.lang.IllegalArgumentException: Failed to create query for method public abstract boolean todolist.repository.EquipoRepository.existsByIdFalse(java.lang.Long)! At least 1 parameter(s) provided but only 0 parameter(s) present in query.
Caused by: org.springframework.data.repository.query.QueryCreationException: Could not create query for public abstract boolean todolist.repository.EquipoRepository.existsByIdFalse(java.lang.Long); Reason: Failed to create query for method public abstract boolean todolist.repository.EquipoRepository.existsByIdFalse(java.lang.Long)! At least 1 parameter(s) provided but only 0 parameter(s) present in query.; nested exception is java.lang.IllegalArgumentException: Failed to create query for method public abstract boolean todolist.repository.EquipoRepository.existsByIdFalse(java.lang.Long)! At least 1 parameter(s) provided but only 0 parameter(s) present in query.
Caused by: java.lang.IllegalArgumentException: Failed to create query for method public abstract boolean todolist.repository.EquipoRepository.existsByIdFalse(java.lang.Long)! At least 1 parameter(s) provided but only 0 parameter(s) present in query.
Caused by: java.lang.IllegalArgumentException: At least 1 parameter(s) provided but only 0 parameter(s) present in query.

servicioRegistroUsuarioDevuelveUsuarioConId  Time elapsed: 0 s  <<< ERROR!
java.lang.IllegalStateException: Failed to load ApplicationContext
Caused by: org.springframework.beans.factory.UnsatisfiedDependencyException: Error creating bean with name 'equipoController': Unsatisfied dependency expressed through field 'equipoService'; nested exception is org.springframework.beans.factory.UnsatisfiedDependencyException: Error creating bean with name 'equipoService': Unsatisfied dependency expressed through field 'equipoRepository'; nested exception is org.springframework.beans.factory.BeanCreationException: Error creating bean with name 'equipoRepository' defined in todolist.repository.EquipoRepository defined in @EnableJpaRepositories declared on JpaRepositoriesRegistrar.EnableJpaRepositoriesConfiguration: Invocation of init method failed; nested exception is org.springframework.data.repository.query.QueryCreationException: Could not create query for public abstract boolean todolist.repository.EquipoRepository.existsByIdFalse(java.lang.Long); Reason: Failed to create query for method public abstract boolean todolist.repository.EquipoRepository.existsByIdFalse(java.lang.Long)! At least 1 parameter(s) provided but only 0 parameter(s) present in query.; nested exception is java.lang.IllegalArgumentException: Failed to create query for method public abstract boolean todolist.repository.EquipoRepository.existsByIdFalse(java.lang.Long)! At least 1 parameter(s) provided but only 0 parameter(s) present in query.
Caused by: org.springframework.beans.factory.UnsatisfiedDependencyException: Error creating bean with name 'equipoService': Unsatisfied dependency expressed through field 'equipoRepository'; nested exception is org.springframework.beans.factory.BeanCreationException: Error creating bean with name 'equipoRepository' defined in todolist.repository.EquipoRepository defined in @EnableJpaRepositories declared on JpaRepositoriesRegistrar.EnableJpaRepositoriesConfiguration: Invocation of init method failed; nested exception is org.springframework.data.repository.query.QueryCreationException: Could not create query for public abstract boolean todolist.repository.EquipoRepository.existsByIdFalse(java.lang.Long); Reason: Failed to create query for method public abstract boolean todolist.repository.EquipoRepository.existsByIdFalse(java.lang.Long)! At least 1 parameter(s) provided but only 0 parameter(s) present in query.; nested exception is java.lang.IllegalArgumentException: Failed to create query for method public abstract boolean todolist.repository.EquipoRepository.existsByIdFalse(java.lang.Long)! At least 1 parameter(s) provided but only 0 parameter(s) present in query.
Caused by: org.springframework.beans.factory.BeanCreationException: Error creating bean with name 'equipoRepository' defined in todolist.repository.EquipoRepository defined in @EnableJpaRepositories declared on JpaRepositoriesRegistrar.EnableJpaRepositoriesConfiguration: Invocation of init method failed; nested exception is org.springframework.data.repository.query.QueryCreationException: Could not create query for public abstract boolean todolist.repository.EquipoRepository.existsByIdFalse(java.lang.Long); Reason: Failed to create query for method public abstract boolean todolist.repository.EquipoRepository.existsByIdFalse(java.lang.Long)! At least 1 parameter(s) provided but only 0 parameter(s) present in query.; nested exception is java.lang.IllegalArgumentException: Failed to create query for method public abstract boolean todolist.repository.EquipoRepository.existsByIdFalse(java.lang.Long)! At least 1 parameter(s) provided but only 0 parameter(s) present in query.
Caused by: org.springframework.data.repository.query.QueryCreationException: Could not create query for public abstract boolean todolist.repository.EquipoRepository.existsByIdFalse(java.lang.Long); Reason: Failed to create query for method public abstract boolean todolist.repository.EquipoRepository.existsByIdFalse(java.lang.Long)! At least 1 parameter(s) provided but only 0 parameter(s) present in query.; nested exception is java.lang.IllegalArgumentException: Failed to create query for method public abstract boolean todolist.repository.EquipoRepository.existsByIdFalse(java.lang.Long)! At least 1 parameter(s) provided but only 0 parameter(s) present in query.
Caused by: java.lang.IllegalArgumentException: Failed to create query for method public abstract boolean todolist.repository.EquipoRepository.existsByIdFalse(java.lang.Long)! At least 1 parameter(s) provided but only 0 parameter(s) present in query.
Caused by: java.lang.IllegalArgumentException: At least 1 parameter(s) provided but only 0 parameter(s) present in query.

servicioConsultaUsuarioDevuelveUsuario  Time elapsed: 0 s  <<< ERROR!
java.lang.IllegalStateException: Failed to load ApplicationContext
Caused by: org.springframework.beans.factory.UnsatisfiedDependencyException: Error creating bean with name 'equipoController': Unsatisfied dependency expressed through field 'equipoService'; nested exception is org.springframework.beans.factory.UnsatisfiedDependencyException: Error creating bean with name 'equipoService': Unsatisfied dependency expressed through field 'equipoRepository'; nested exception is org.springframework.beans.factory.BeanCreationException: Error creating bean with name 'equipoRepository' defined in todolist.repository.EquipoRepository defined in @EnableJpaRepositories declared on JpaRepositoriesRegistrar.EnableJpaRepositoriesConfiguration: Invocation of init method failed; nested exception is org.springframework.data.repository.query.QueryCreationException: Could not create query for public abstract boolean todolist.repository.EquipoRepository.existsByIdFalse(java.lang.Long); Reason: Failed to create query for method public abstract boolean todolist.repository.EquipoRepository.existsByIdFalse(java.lang.Long)! At least 1 parameter(s) provided but only 0 parameter(s) present in query.; nested exception is java.lang.IllegalArgumentException: Failed to create query for method public abstract boolean todolist.repository.EquipoRepository.existsByIdFalse(java.lang.Long)! At least 1 parameter(s) provided but only 0 parameter(s) present in query.
Caused by: org.springframework.beans.factory.UnsatisfiedDependencyException: Error creating bean with name 'equipoService': Unsatisfied dependency expressed through field 'equipoRepository'; nested exception is org.springframework.beans.factory.BeanCreationException: Error creating bean with name 'equipoRepository' defined in todolist.repository.EquipoRepository defined in @EnableJpaRepositories declared on JpaRepositoriesRegistrar.EnableJpaRepositoriesConfiguration: Invocation of init method failed; nested exception is org.springframework.data.repository.query.QueryCreationException: Could not create query for public abstract boolean todolist.repository.EquipoRepository.existsByIdFalse(java.lang.Long); Reason: Failed to create query for method public abstract boolean todolist.repository.EquipoRepository.existsByIdFalse(java.lang.Long)! At least 1 parameter(s) provided but only 0 parameter(s) present in query.; nested exception is java.lang.IllegalArgumentException: Failed to create query for method public abstract boolean todolist.repository.EquipoRepository.existsByIdFalse(java.lang.Long)! At least 1 parameter(s) provided but only 0 parameter(s) present in query.
Caused by: org.springframework.beans.factory.BeanCreationException: Error creating bean with name 'equipoRepository' defined in todolist.repository.EquipoRepository defined in @EnableJpaRepositories declared on JpaRepositoriesRegistrar.EnableJpaRepositoriesConfiguration: Invocation of init method failed; nested exception is org.springframework.data.repository.query.QueryCreationException: Could not create query for public abstract boolean todolist.repository.EquipoRepository.existsByIdFalse(java.lang.Long); Reason: Failed to create query for method public abstract boolean todolist.repository.EquipoRepository.existsByIdFalse(java.lang.Long)! At least 1 parameter(s) provided but only 0 parameter(s) present in query.; nested exception is java.lang.IllegalArgumentException: Failed to create query for method public abstract boolean todolist.repository.EquipoRepository.existsByIdFalse(java.lang.Long)! At least 1 parameter(s) provided but only 0 parameter(s) present in query.
Caused by: org.springframework.data.repository.query.QueryCreationException: Could not create query for public abstract boolean todolist.repository.EquipoRepository.existsByIdFalse(java.lang.Long); Reason: Failed to create query for method public abstract boolean todolist.repository.EquipoRepository.existsByIdFalse(java.lang.Long)! At least 1 parameter(s) provided but only 0 parameter(s) present in query.; nested exception is java.lang.IllegalArgumentException: Failed to create query for method public abstract boolean todolist.repository.EquipoRepository.existsByIdFalse(java.lang.Long)! At least 1 parameter(s) provided but only 0 parameter(s) present in query.
Caused by: java.lang.IllegalArgumentException: Failed to create query for method public abstract boolean todolist.repository.EquipoRepository.existsByIdFalse(java.lang.Long)! At least 1 parameter(s) provided but only 0 parameter(s) present in query.
Caused by: java.lang.IllegalArgumentException: At least 1 parameter(s) provided but only 0 parameter(s) present in query.

servicioRegistroUsuario  Time elapsed: 0 s  <<< ERROR!
java.lang.IllegalStateException: Failed to load ApplicationContext
Caused by: org.springframework.beans.factory.UnsatisfiedDependencyException: Error creating bean with name 'equipoController': Unsatisfied dependency expressed through field 'equipoService'; nested exception is org.springframework.beans.factory.UnsatisfiedDependencyException: Error creating bean with name 'equipoService': Unsatisfied dependency expressed through field 'equipoRepository'; nested exception is org.springframework.beans.factory.BeanCreationException: Error creating bean with name 'equipoRepository' defined in todolist.repository.EquipoRepository defined in @EnableJpaRepositories declared on JpaRepositoriesRegistrar.EnableJpaRepositoriesConfiguration: Invocation of init method failed; nested exception is org.springframework.data.repository.query.QueryCreationException: Could not create query for public abstract boolean todolist.repository.EquipoRepository.existsByIdFalse(java.lang.Long); Reason: Failed to create query for method public abstract boolean todolist.repository.EquipoRepository.existsByIdFalse(java.lang.Long)! At least 1 parameter(s) provided but only 0 parameter(s) present in query.; nested exception is java.lang.IllegalArgumentException: Failed to create query for method public abstract boolean todolist.repository.EquipoRepository.existsByIdFalse(java.lang.Long)! At least 1 parameter(s) provided but only 0 parameter(s) present in query.
Caused by: org.springframework.beans.factory.UnsatisfiedDependencyException: Error creating bean with name 'equipoService': Unsatisfied dependency expressed through field 'equipoRepository'; nested exception is org.springframework.beans.factory.BeanCreationException: Error creating bean with name 'equipoRepository' defined in todolist.repository.EquipoRepository defined in @EnableJpaRepositories declared on JpaRepositoriesRegistrar.EnableJpaRepositoriesConfiguration: Invocation of init method failed; nested exception is org.springframework.data.repository.query.QueryCreationException: Could not create query for public abstract boolean todolist.repository.EquipoRepository.existsByIdFalse(java.lang.Long); Reason: Failed to create query for method public abstract boolean todolist.repository.EquipoRepository.existsByIdFalse(java.lang.Long)! At least 1 parameter(s) provided but only 0 parameter(s) present in query.; nested exception is java.lang.IllegalArgumentException: Failed to create query for method public abstract boolean todolist.repository.EquipoRepository.existsByIdFalse(java.lang.Long)! At least 1 parameter(s) provided but only 0 parameter(s) present in query.
Caused by: org.springframework.beans.factory.BeanCreationException: Error creating bean with name 'equipoRepository' defined in todolist.repository.EquipoRepository defined in @EnableJpaRepositories declared on JpaRepositoriesRegistrar.EnableJpaRepositoriesConfiguration: Invocation of init method failed; nested exception is org.springframework.data.repository.query.QueryCreationException: Could not create query for public abstract boolean todolist.repository.EquipoRepository.existsByIdFalse(java.lang.Long); Reason: Failed to create query for method public abstract boolean todolist.repository.EquipoRepository.existsByIdFalse(java.lang.Long)! At least 1 parameter(s) provided but only 0 parameter(s) present in query.; nested exception is java.lang.IllegalArgumentException: Failed to create query for method public abstract boolean todolist.repository.EquipoRepository.existsByIdFalse(java.lang.Long)! At least 1 parameter(s) provided but only 0 parameter(s) present in query.
Caused by: org.springframework.data.repository.query.QueryCreationException: Could not create query for public abstract boolean todolist.repository.EquipoRepository.existsByIdFalse(java.lang.Long); Reason: Failed to create query for method public abstract boolean todolist.repository.EquipoRepository.existsByIdFalse(java.lang.Long)! At least 1 parameter(s) provided but only 0 parameter(s) present in query.; nested exception is java.lang.IllegalArgumentException: Failed to create query for method public abstract boolean todolist.repository.EquipoRepository.existsByIdFalse(java.lang.Long)! At least 1 parameter(s) provided but only 0 parameter(s) present in query.
Caused by: java.lang.IllegalArgumentException: Failed to create query for method public abstract boolean todolist.repository.EquipoRepository.existsByIdFalse(java.lang.Long)! At least 1 parameter(s) provided but only 0 parameter(s) present in query.
Caused by: java.lang.IllegalArgumentException: At least 1 parameter(s) provided but only 0 parameter(s) present in query.

servicioLoginUsuario  Time elapsed: 0 s  <<< ERROR!
java.lang.IllegalStateException: Failed to load ApplicationContext
Caused by: org.springframework.beans.factory.UnsatisfiedDependencyException: Error creating bean with name 'equipoController': Unsatisfied dependency expressed through field 'equipoService'; nested exception is org.springframework.beans.factory.UnsatisfiedDependencyException: Error creating bean with name 'equipoService': Unsatisfied dependency expressed through field 'equipoRepository'; nested exception is org.springframework.beans.factory.BeanCreationException: Error creating bean with name 'equipoRepository' defined in todolist.repository.EquipoRepository defined in @EnableJpaRepositories declared on JpaRepositoriesRegistrar.EnableJpaRepositoriesConfiguration: Invocation of init method failed; nested exception is org.springframework.data.repository.query.QueryCreationException: Could not create query for public abstract boolean todolist.repository.EquipoRepository.existsByIdFalse(java.lang.Long); Reason: Failed to create query for method public abstract boolean todolist.repository.EquipoRepository.existsByIdFalse(java.lang.Long)! At least 1 parameter(s) provided but only 0 parameter(s) present in query.; nested exception is java.lang.IllegalArgumentException: Failed to create query for method public abstract boolean todolist.repository.EquipoRepository.existsByIdFalse(java.lang.Long)! At least 1 parameter(s) provided but only 0 parameter(s) present in query.
Caused by: org.springframework.beans.factory.UnsatisfiedDependencyException: Error creating bean with name 'equipoService': Unsatisfied dependency expressed through field 'equipoRepository'; nested exception is org.springframework.beans.factory.BeanCreationException: Error creating bean with name 'equipoRepository' defined in todolist.repository.EquipoRepository defined in @EnableJpaRepositories declared on JpaRepositoriesRegistrar.EnableJpaRepositoriesConfiguration: Invocation of init method failed; nested exception is org.springframework.data.repository.query.QueryCreationException: Could not create query for public abstract boolean todolist.repository.EquipoRepository.existsByIdFalse(java.lang.Long); Reason: Failed to create query for method public abstract boolean todolist.repository.EquipoRepository.existsByIdFalse(java.lang.Long)! At least 1 parameter(s) provided but only 0 parameter(s) present in query.; nested exception is java.lang.IllegalArgumentException: Failed to create query for method public abstract boolean todolist.repository.EquipoRepository.existsByIdFalse(java.lang.Long)! At least 1 parameter(s) provided but only 0 parameter(s) present in query.
Caused by: org.springframework.beans.factory.BeanCreationException: Error creating bean with name 'equipoRepository' defined in todolist.repository.EquipoRepository defined in @EnableJpaRepositories declared on JpaRepositoriesRegistrar.EnableJpaRepositoriesConfiguration: Invocation of init method failed; nested exception is org.springframework.data.repository.query.QueryCreationException: Could not create query for public abstract boolean todolist.repository.EquipoRepository.existsByIdFalse(java.lang.Long); Reason: Failed to create query for method public abstract boolean todolist.repository.EquipoRepository.existsByIdFalse(java.lang.Long)! At least 1 parameter(s) provided but only 0 parameter(s) present in query.; nested exception is java.lang.IllegalArgumentException: Failed to create query for method public abstract boolean todolist.repository.EquipoRepository.existsByIdFalse(java.lang.Long)! At least 1 parameter(s) provided but only 0 parameter(s) present in query.
Caused by: org.springframework.data.repository.query.QueryCreationException: Could not create query for public abstract boolean todolist.repository.EquipoRepository.existsByIdFalse(java.lang.Long); Reason: Failed to create query for method public abstract boolean todolist.repository.EquipoRepository.existsByIdFalse(java.lang.Long)! At least 1 parameter(s) provided but only 0 parameter(s) present in query.; nested exception is java.lang.IllegalArgumentException: Failed to create query for method public abstract boolean todolist.repository.EquipoRepository.existsByIdFalse(java.lang.Long)! At least 1 parameter(s) provided but only 0 parameter(s) present in query.
Caused by: java.lang.IllegalArgumentException: Failed to create query for method public abstract boolean todolist.repository.EquipoRepository.existsByIdFalse(java.lang.Long)! At least 1 parameter(s) provided but only 0 parameter(s) present in query.
Caused by: java.lang.IllegalArgumentException: At least 1 parameter(s) provided but only 0 parameter(s) present in query.

servicioRegistroUsuarioExcepcionConEmailRepetido  Time elapsed: 0 s  <<< ERROR!
java.lang.IllegalStateException: Failed to load ApplicationContext
Caused by: org.springframework.beans.factory.UnsatisfiedDependencyException: Error creating bean with name 'equipoController': Unsatisfied dependency expressed through field 'equipoService'; nested exception is org.springframework.beans.factory.UnsatisfiedDependencyException: Error creating bean with name 'equipoService': Unsatisfied dependency expressed through field 'equipoRepository'; nested exception is org.springframework.beans.factory.BeanCreationException: Error creating bean with name 'equipoRepository' defined in todolist.repository.EquipoRepository defined in @EnableJpaRepositories declared on JpaRepositoriesRegistrar.EnableJpaRepositoriesConfiguration: Invocation of init method failed; nested exception is org.springframework.data.repository.query.QueryCreationException: Could not create query for public abstract boolean todolist.repository.EquipoRepository.existsByIdFalse(java.lang.Long); Reason: Failed to create query for method public abstract boolean todolist.repository.EquipoRepository.existsByIdFalse(java.lang.Long)! At least 1 parameter(s) provided but only 0 parameter(s) present in query.; nested exception is java.lang.IllegalArgumentException: Failed to create query for method public abstract boolean todolist.repository.EquipoRepository.existsByIdFalse(java.lang.Long)! At least 1 parameter(s) provided but only 0 parameter(s) present in query.
Caused by: org.springframework.beans.factory.UnsatisfiedDependencyException: Error creating bean with name 'equipoService': Unsatisfied dependency expressed through field 'equipoRepository'; nested exception is org.springframework.beans.factory.BeanCreationException: Error creating bean with name 'equipoRepository' defined in todolist.repository.EquipoRepository defined in @EnableJpaRepositories declared on JpaRepositoriesRegistrar.EnableJpaRepositoriesConfiguration: Invocation of init method failed; nested exception is org.springframework.data.repository.query.QueryCreationException: Could not create query for public abstract boolean todolist.repository.EquipoRepository.existsByIdFalse(java.lang.Long); Reason: Failed to create query for method public abstract boolean todolist.repository.EquipoRepository.existsByIdFalse(java.lang.Long)! At least 1 parameter(s) provided but only 0 parameter(s) present in query.; nested exception is java.lang.IllegalArgumentException: Failed to create query for method public abstract boolean todolist.repository.EquipoRepository.existsByIdFalse(java.lang.Long)! At least 1 parameter(s) provided but only 0 parameter(s) present in query.
Caused by: org.springframework.beans.factory.BeanCreationException: Error creating bean with name 'equipoRepository' defined in todolist.repository.EquipoRepository defined in @EnableJpaRepositories declared on JpaRepositoriesRegistrar.EnableJpaRepositoriesConfiguration: Invocation of init method failed; nested exception is org.springframework.data.repository.query.QueryCreationException: Could not create query for public abstract boolean todolist.repository.EquipoRepository.existsByIdFalse(java.lang.Long); Reason: Failed to create query for method public abstract boolean todolist.repository.EquipoRepository.existsByIdFalse(java.lang.Long)! At least 1 parameter(s) provided but only 0 parameter(s) present in query.; nested exception is java.lang.IllegalArgumentException: Failed to create query for method public abstract boolean todolist.repository.EquipoRepository.existsByIdFalse(java.lang.Long)! At least 1 parameter(s) provided but only 0 parameter(s) present in query.
Caused by: org.springframework.data.repository.query.QueryCreationException: Could not create query for public abstract boolean todolist.repository.EquipoRepository.existsByIdFalse(java.lang.Long); Reason: Failed to create query for method public abstract boolean todolist.repository.EquipoRepository.existsByIdFalse(java.lang.Long)! At least 1 parameter(s) provided but only 0 parameter(s) present in query.; nested exception is java.lang.IllegalArgumentException: Failed to create query for method public abstract boolean todolist.repository.EquipoRepository.existsByIdFalse(java.lang.Long)! At least 1 parameter(s) provided but only 0 parameter(s) present in query.
Caused by: java.lang.IllegalArgumentException: Failed to create query for method public abstract boolean todolist.repository.EquipoRepository.existsByIdFalse(java.lang.Long)! At least 1 parameter(s) provided but only 0 parameter(s) present in query.
Caused by: java.lang.IllegalArgumentException: At least 1 parameter(s) provided but only 0 parameter(s) present in query.

